
> clawd-brain@0.1.0 build
> next build

 ⚠ You are using a non-standard "NODE_ENV" value in your environment. This creates inconsistencies in the project and is strongly advised against. Read more: https://nextjs.org/docs/messages/non-standard-node-env
Attention: Next.js now collects completely anonymous telemetry regarding usage.
This information is used to shape Next.js' roadmap and prioritize features.
You can learn more, including how to opt-out if you'd not like to participate in this anonymous program, by visiting the following URL:
https://nextjs.org/telemetry

  ▲ Next.js 14.2.35

   Creating an optimized production build ...
 ✓ Compiled successfully
   Linting and checking validity of types ...
   Collecting page data ...
   Generating static pages (0/10) ...
Error: <Html> should not be imported outside of pages/_document.
Read more: https://nextjs.org/docs/messages/no-document-import-in-page
    at Q (/home/node/openclaw/projects/clawd-brain/node_modules/next/dist/compiled/next-server/pages.runtime.prod.js:16:5430)
    at I (/home/node/openclaw/projects/clawd-brain/.next/server/chunks/682.js:6:1263)
    at renderWithHooks (/home/node/openclaw/projects/clawd-brain/node_modules/react-dom/cjs/react-dom-server.browser.development.js:5658:16)
    at renderIndeterminateComponent (/home/node/openclaw/projects/clawd-brain/node_modules/react-dom/cjs/react-dom-server.browser.development.js:5732:15)
    at renderElement (/home/node/openclaw/projects/clawd-brain/node_modules/react-dom/cjs/react-dom-server.browser.development.js:5957:7)
    at renderNodeDestructiveImpl (/home/node/openclaw/projects/clawd-brain/node_modules/react-dom/cjs/react-dom-server.browser.development.js:6115:11)
    at renderNodeDestructive (/home/node/openclaw/projects/clawd-brain/node_modules/react-dom/cjs/react-dom-server.browser.development.js:6087:14)
    at finishClassComponent (/home/node/openclaw/projects/clawd-brain/node_modules/react-dom/cjs/react-dom-server.browser.development.js:5688:3)
    at renderClassComponent (/home/node/openclaw/projects/clawd-brain/node_modules/react-dom/cjs/react-dom-server.browser.development.js:5696:3)
    at renderElement (/home/node/openclaw/projects/clawd-brain/node_modules/react-dom/cjs/react-dom-server.browser.development.js:5954:7)

Error occurred prerendering page "/404". Read more: https://nextjs.org/docs/messages/prerender-error

Error: <Html> should not be imported outside of pages/_document.
Read more: https://nextjs.org/docs/messages/no-document-import-in-page
    at Q (/home/node/openclaw/projects/clawd-brain/node_modules/next/dist/compiled/next-server/pages.runtime.prod.js:16:5430)
    at I (/home/node/openclaw/projects/clawd-brain/.next/server/chunks/682.js:6:1263)
    at renderWithHooks (/home/node/openclaw/projects/clawd-brain/node_modules/react-dom/cjs/react-dom-server.browser.development.js:5658:16)
    at renderIndeterminateComponent (/home/node/openclaw/projects/clawd-brain/node_modules/react-dom/cjs/react-dom-server.browser.development.js:5732:15)
    at renderElement (/home/node/openclaw/projects/clawd-brain/node_modules/react-dom/cjs/react-dom-server.browser.development.js:5957:7)
    at renderNodeDestructiveImpl (/home/node/openclaw/projects/clawd-brain/node_modules/react-dom/cjs/react-dom-server.browser.development.js:6115:11)
    at renderNodeDestructive (/home/node/openclaw/projects/clawd-brain/node_modules/react-dom/cjs/react-dom-server.browser.development.js:6087:14)
    at finishClassComponent (/home/node/openclaw/projects/clawd-brain/node_modules/react-dom/cjs/react-dom-server.browser.development.js:5688:3)
    at renderClassComponent (/home/node/openclaw/projects/clawd-brain/node_modules/react-dom/cjs/react-dom-server.browser.development.js:5696:3)
    at renderElement (/home/node/openclaw/projects/clawd-brain/node_modules/react-dom/cjs/react-dom-server.browser.development.js:5954:7)
   Generating static pages (2/10) 
TypeError: Cannot read properties of null (reading 'useContext')
    at t.useContext (/home/node/openclaw/projects/clawd-brain/node_modules/next/dist/compiled/next-server/app-page.runtime.prod.js:12:109421)
    at d (/home/node/openclaw/projects/clawd-brain/.next/server/chunks/440.js:1:25715)
    at h (/home/node/openclaw/projects/clawd-brain/.next/server/chunks/440.js:1:17653)
    at au (/home/node/openclaw/projects/clawd-brain/node_modules/next/dist/compiled/next-server/app-page.runtime.dev.js:35:10446)
    at /home/node/openclaw/projects/clawd-brain/node_modules/next/dist/compiled/next-server/app-page.runtime.dev.js:35:15122
    at aw (/home/node/openclaw/projects/clawd-brain/node_modules/next/dist/compiled/next-server/app-page.runtime.dev.js:35:16908)
    at a_ (/home/node/openclaw/projects/clawd-brain/node_modules/next/dist/compiled/next-server/app-page.runtime.dev.js:35:49776)
    at ab (/home/node/openclaw/projects/clawd-brain/node_modules/next/dist/compiled/next-server/app-page.runtime.dev.js:35:11808)
    at /home/node/openclaw/projects/clawd-brain/node_modules/next/dist/compiled/next-server/app-page.runtime.dev.js:35:16871
    at aw (/home/node/openclaw/projects/clawd-brain/node_modules/next/dist/compiled/next-server/app-page.runtime.dev.js:35:16908) {
  digest: '1759587290'
}
TypeError: Cannot read properties of null (reading 'useContext')
    at t.useContext (/home/node/openclaw/projects/clawd-brain/node_modules/next/dist/compiled/next-server/app-page.runtime.prod.js:12:109421)
    at d (/home/node/openclaw/projects/clawd-brain/.next/server/chunks/440.js:1:25715)
    at h (/home/node/openclaw/projects/clawd-brain/.next/server/chunks/440.js:1:17653)
    at au (/home/node/openclaw/projects/clawd-brain/node_modules/next/dist/compiled/next-server/app-page.runtime.dev.js:35:10446)
    at /home/node/openclaw/projects/clawd-brain/node_modules/next/dist/compiled/next-server/app-page.runtime.dev.js:35:15122
    at aw (/home/node/openclaw/projects/clawd-brain/node_modules/next/dist/compiled/next-server/app-page.runtime.dev.js:35:16908)
    at a_ (/home/node/openclaw/projects/clawd-brain/node_modules/next/dist/compiled/next-server/app-page.runtime.dev.js:35:49776)
    at ab (/home/node/openclaw/projects/clawd-brain/node_modules/next/dist/compiled/next-server/app-page.runtime.dev.js:35:11808)
    at /home/node/openclaw/projects/clawd-brain/node_modules/next/dist/compiled/next-server/app-page.runtime.dev.js:35:16871
    at aw (/home/node/openclaw/projects/clawd-brain/node_modules/next/dist/compiled/next-server/app-page.runtime.dev.js:35:16908)

Error occurred prerendering page "/_not-found". Read more: https://nextjs.org/docs/messages/prerender-error

TypeError: Cannot read properties of null (reading 'useContext')
    at t.useContext (/home/node/openclaw/projects/clawd-brain/node_modules/next/dist/compiled/next-server/app-page.runtime.prod.js:12:109421)
    at d (/home/node/openclaw/projects/clawd-brain/.next/server/chunks/440.js:1:25715)
    at h (/home/node/openclaw/projects/clawd-brain/.next/server/chunks/440.js:1:17653)
    at au (/home/node/openclaw/projects/clawd-brain/node_modules/next/dist/compiled/next-server/app-page.runtime.dev.js:35:10446)
    at /home/node/openclaw/projects/clawd-brain/node_modules/next/dist/compiled/next-server/app-page.runtime.dev.js:35:15122
    at aw (/home/node/openclaw/projects/clawd-brain/node_modules/next/dist/compiled/next-server/app-page.runtime.dev.js:35:16908)
    at a_ (/home/node/openclaw/projects/clawd-brain/node_modules/next/dist/compiled/next-server/app-page.runtime.dev.js:35:49776)
    at ab (/home/node/openclaw/projects/clawd-brain/node_modules/next/dist/compiled/next-server/app-page.runtime.dev.js:35:11808)
    at /home/node/openclaw/projects/clawd-brain/node_modules/next/dist/compiled/next-server/app-page.runtime.dev.js:35:16871
    at aw (/home/node/openclaw/projects/clawd-brain/node_modules/next/dist/compiled/next-server/app-page.runtime.dev.js:35:16908)
Error: <Html> should not be imported outside of pages/_document.
Read more: https://nextjs.org/docs/messages/no-document-import-in-page
    at Q (/home/node/openclaw/projects/clawd-brain/node_modules/next/dist/compiled/next-server/pages.runtime.prod.js:16:5430)
    at I (/home/node/openclaw/projects/clawd-brain/.next/server/chunks/682.js:6:1263)
    at renderWithHooks (/home/node/openclaw/projects/clawd-brain/node_modules/react-dom/cjs/react-dom-server.browser.development.js:5658:16)
    at renderIndeterminateComponent (/home/node/openclaw/projects/clawd-brain/node_modules/react-dom/cjs/react-dom-server.browser.development.js:5732:15)
    at renderElement (/home/node/openclaw/projects/clawd-brain/node_modules/react-dom/cjs/react-dom-server.browser.development.js:5957:7)
    at renderNodeDestructiveImpl (/home/node/openclaw/projects/clawd-brain/node_modules/react-dom/cjs/react-dom-server.browser.development.js:6115:11)
    at renderNodeDestructive (/home/node/openclaw/projects/clawd-brain/node_modules/react-dom/cjs/react-dom-server.browser.development.js:6087:14)
    at finishClassComponent (/home/node/openclaw/projects/clawd-brain/node_modules/react-dom/cjs/react-dom-server.browser.development.js:5688:3)
    at renderClassComponent (/home/node/openclaw/projects/clawd-brain/node_modules/react-dom/cjs/react-dom-server.browser.development.js:5696:3)
    at renderElement (/home/node/openclaw/projects/clawd-brain/node_modules/react-dom/cjs/react-dom-server.browser.development.js:5954:7)

Error occurred prerendering page "/500". Read more: https://nextjs.org/docs/messages/prerender-error

Error: <Html> should not be imported outside of pages/_document.
Read more: https://nextjs.org/docs/messages/no-document-import-in-page
    at Q (/home/node/openclaw/projects/clawd-brain/node_modules/next/dist/compiled/next-server/pages.runtime.prod.js:16:5430)
    at I (/home/node/openclaw/projects/clawd-brain/.next/server/chunks/682.js:6:1263)
    at renderWithHooks (/home/node/openclaw/projects/clawd-brain/node_modules/react-dom/cjs/react-dom-server.browser.development.js:5658:16)
    at renderIndeterminateComponent (/home/node/openclaw/projects/clawd-brain/node_modules/react-dom/cjs/react-dom-server.browser.development.js:5732:15)
    at renderElement (/home/node/openclaw/projects/clawd-brain/node_modules/react-dom/cjs/react-dom-server.browser.development.js:5957:7)
    at renderNodeDestructiveImpl (/home/node/openclaw/projects/clawd-brain/node_modules/react-dom/cjs/react-dom-server.browser.development.js:6115:11)
    at renderNodeDestructive (/home/node/openclaw/projects/clawd-brain/node_modules/react-dom/cjs/react-dom-server.browser.development.js:6087:14)
    at finishClassComponent (/home/node/openclaw/projects/clawd-brain/node_modules/react-dom/cjs/react-dom-server.browser.development.js:5688:3)
    at renderClassComponent (/home/node/openclaw/projects/clawd-brain/node_modules/react-dom/cjs/react-dom-server.browser.development.js:5696:3)
    at renderElement (/home/node/openclaw/projects/clawd-brain/node_modules/react-dom/cjs/react-dom-server.browser.development.js:5954:7)
   Generating static pages (4/10) 
TypeError: Cannot read properties of null (reading 'useContext')
    at t.useContext (/home/node/openclaw/projects/clawd-brain/node_modules/next/dist/compiled/next-server/app-page.runtime.prod.js:12:109421)
    at d (/home/node/openclaw/projects/clawd-brain/.next/server/chunks/440.js:1:25715)
    at h (/home/node/openclaw/projects/clawd-brain/.next/server/chunks/440.js:1:17653)
    at au (/home/node/openclaw/projects/clawd-brain/node_modules/next/dist/compiled/next-server/app-page.runtime.dev.js:35:10446)
    at /home/node/openclaw/projects/clawd-brain/node_modules/next/dist/compiled/next-server/app-page.runtime.dev.js:35:15122
    at aw (/home/node/openclaw/projects/clawd-brain/node_modules/next/dist/compiled/next-server/app-page.runtime.dev.js:35:16908)
    at a_ (/home/node/openclaw/projects/clawd-brain/node_modules/next/dist/compiled/next-server/app-page.runtime.dev.js:35:49776)
    at ab (/home/node/openclaw/projects/clawd-brain/node_modules/next/dist/compiled/next-server/app-page.runtime.dev.js:35:11808)
    at /home/node/openclaw/projects/clawd-brain/node_modules/next/dist/compiled/next-server/app-page.runtime.dev.js:35:16871
    at aw (/home/node/openclaw/projects/clawd-brain/node_modules/next/dist/compiled/next-server/app-page.runtime.dev.js:35:16908) {
  digest: '1759587290'
}
TypeError: Cannot read properties of null (reading 'useContext')
    at t.useContext (/home/node/openclaw/projects/clawd-brain/node_modules/next/dist/compiled/next-server/app-page.runtime.prod.js:12:109421)
    at d (/home/node/openclaw/projects/clawd-brain/.next/server/chunks/440.js:1:25715)
    at h (/home/node/openclaw/projects/clawd-brain/.next/server/chunks/440.js:1:17653)
    at au (/home/node/openclaw/projects/clawd-brain/node_modules/next/dist/compiled/next-server/app-page.runtime.dev.js:35:10446)
    at /home/node/openclaw/projects/clawd-brain/node_modules/next/dist/compiled/next-server/app-page.runtime.dev.js:35:15122
    at aw (/home/node/openclaw/projects/clawd-brain/node_modules/next/dist/compiled/next-server/app-page.runtime.dev.js:35:16908)
    at a_ (/home/node/openclaw/projects/clawd-brain/node_modules/next/dist/compiled/next-server/app-page.runtime.dev.js:35:49776)
    at ab (/home/node/openclaw/projects/clawd-brain/node_modules/next/dist/compiled/next-server/app-page.runtime.dev.js:35:11808)
    at /home/node/openclaw/projects/clawd-brain/node_modules/next/dist/compiled/next-server/app-page.runtime.dev.js:35:16871
    at aw (/home/node/openclaw/projects/clawd-brain/node_modules/next/dist/compiled/next-server/app-page.runtime.dev.js:35:16908)

Error occurred prerendering page "/documents". Read more: https://nextjs.org/docs/messages/prerender-error

TypeError: Cannot read properties of null (reading 'useContext')
    at t.useContext (/home/node/openclaw/projects/clawd-brain/node_modules/next/dist/compiled/next-server/app-page.runtime.prod.js:12:109421)
    at d (/home/node/openclaw/projects/clawd-brain/.next/server/chunks/440.js:1:25715)
    at h (/home/node/openclaw/projects/clawd-brain/.next/server/chunks/440.js:1:17653)
    at au (/home/node/openclaw/projects/clawd-brain/node_modules/next/dist/compiled/next-server/app-page.runtime.dev.js:35:10446)
    at /home/node/openclaw/projects/clawd-brain/node_modules/next/dist/compiled/next-server/app-page.runtime.dev.js:35:15122
    at aw (/home/node/openclaw/projects/clawd-brain/node_modules/next/dist/compiled/next-server/app-page.runtime.dev.js:35:16908)
    at a_ (/home/node/openclaw/projects/clawd-brain/node_modules/next/dist/compiled/next-server/app-page.runtime.dev.js:35:49776)
    at ab (/home/node/openclaw/projects/clawd-brain/node_modules/next/dist/compiled/next-server/app-page.runtime.dev.js:35:11808)
    at /home/node/openclaw/projects/clawd-brain/node_modules/next/dist/compiled/next-server/app-page.runtime.dev.js:35:16871
    at aw (/home/node/openclaw/projects/clawd-brain/node_modules/next/dist/compiled/next-server/app-page.runtime.dev.js:35:16908)
TypeError: Cannot read properties of null (reading 'useContext')
    at t.useContext (/home/node/openclaw/projects/clawd-brain/node_modules/next/dist/compiled/next-server/app-page.runtime.prod.js:12:109421)
    at d (/home/node/openclaw/projects/clawd-brain/.next/server/chunks/440.js:1:25715)
    at h (/home/node/openclaw/projects/clawd-brain/.next/server/chunks/440.js:1:17653)
    at au (/home/node/openclaw/projects/clawd-brain/node_modules/next/dist/compiled/next-server/app-page.runtime.dev.js:35:10446)
    at /home/node/openclaw/projects/clawd-brain/node_modules/next/dist/compiled/next-server/app-page.runtime.dev.js:35:15122
    at aw (/home/node/openclaw/projects/clawd-brain/node_modules/next/dist/compiled/next-server/app-page.runtime.dev.js:35:16908)
    at a_ (/home/node/openclaw/projects/clawd-brain/node_modules/next/dist/compiled/next-server/app-page.runtime.dev.js:35:49776)
    at ab (/home/node/openclaw/projects/clawd-brain/node_modules/next/dist/compiled/next-server/app-page.runtime.dev.js:35:11808)
    at /home/node/openclaw/projects/clawd-brain/node_modules/next/dist/compiled/next-server/app-page.runtime.dev.js:35:16871
    at aw (/home/node/openclaw/projects/clawd-brain/node_modules/next/dist/compiled/next-server/app-page.runtime.dev.js:35:16908) {
  digest: '1759587290'
}
TypeError: Cannot read properties of null (reading 'useContext')
    at t.useContext (/home/node/openclaw/projects/clawd-brain/node_modules/next/dist/compiled/next-server/app-page.runtime.prod.js:12:109421)
    at d (/home/node/openclaw/projects/clawd-brain/.next/server/chunks/440.js:1:25715)
    at h (/home/node/openclaw/projects/clawd-brain/.next/server/chunks/440.js:1:17653)
    at au (/home/node/openclaw/projects/clawd-brain/node_modules/next/dist/compiled/next-server/app-page.runtime.dev.js:35:10446)
    at /home/node/openclaw/projects/clawd-brain/node_modules/next/dist/compiled/next-server/app-page.runtime.dev.js:35:15122
    at aw (/home/node/openclaw/projects/clawd-brain/node_modules/next/dist/compiled/next-server/app-page.runtime.dev.js:35:16908)
    at a_ (/home/node/openclaw/projects/clawd-brain/node_modules/next/dist/compiled/next-server/app-page.runtime.dev.js:35:49776)
    at ab (/home/node/openclaw/projects/clawd-brain/node_modules/next/dist/compiled/next-server/app-page.runtime.dev.js:35:11808)
    at /home/node/openclaw/projects/clawd-brain/node_modules/next/dist/compiled/next-server/app-page.runtime.dev.js:35:16871
    at aw (/home/node/openclaw/projects/clawd-brain/node_modules/next/dist/compiled/next-server/app-page.runtime.dev.js:35:16908)

Error occurred prerendering page "/memories". Read more: https://nextjs.org/docs/messages/prerender-error

TypeError: Cannot read properties of null (reading 'useContext')
    at t.useContext (/home/node/openclaw/projects/clawd-brain/node_modules/next/dist/compiled/next-server/app-page.runtime.prod.js:12:109421)
    at d (/home/node/openclaw/projects/clawd-brain/.next/server/chunks/440.js:1:25715)
    at h (/home/node/openclaw/projects/clawd-brain/.next/server/chunks/440.js:1:17653)
    at au (/home/node/openclaw/projects/clawd-brain/node_modules/next/dist/compiled/next-server/app-page.runtime.dev.js:35:10446)
    at /home/node/openclaw/projects/clawd-brain/node_modules/next/dist/compiled/next-server/app-page.runtime.dev.js:35:15122
    at aw (/home/node/openclaw/projects/clawd-brain/node_modules/next/dist/compiled/next-server/app-page.runtime.dev.js:35:16908)
    at a_ (/home/node/openclaw/projects/clawd-brain/node_modules/next/dist/compiled/next-server/app-page.runtime.dev.js:35:49776)
    at ab (/home/node/openclaw/projects/clawd-brain/node_modules/next/dist/compiled/next-server/app-page.runtime.dev.js:35:11808)
    at /home/node/openclaw/projects/clawd-brain/node_modules/next/dist/compiled/next-server/app-page.runtime.dev.js:35:16871
    at aw (/home/node/openclaw/projects/clawd-brain/node_modules/next/dist/compiled/next-server/app-page.runtime.dev.js:35:16908)
TypeError: Cannot read properties of null (reading 'useContext')
    at t.useContext (/home/node/openclaw/projects/clawd-brain/node_modules/next/dist/compiled/next-server/app-page.runtime.prod.js:12:109421)
    at d (/home/node/openclaw/projects/clawd-brain/.next/server/chunks/440.js:1:25715)
    at h (/home/node/openclaw/projects/clawd-brain/.next/server/chunks/440.js:1:17653)
    at au (/home/node/openclaw/projects/clawd-brain/node_modules/next/dist/compiled/next-server/app-page.runtime.dev.js:35:10446)
    at /home/node/openclaw/projects/clawd-brain/node_modules/next/dist/compiled/next-server/app-page.runtime.dev.js:35:15122
    at aw (/home/node/openclaw/projects/clawd-brain/node_modules/next/dist/compiled/next-server/app-page.runtime.dev.js:35:16908)
    at a_ (/home/node/openclaw/projects/clawd-brain/node_modules/next/dist/compiled/next-server/app-page.runtime.dev.js:35:49776)
    at ab (/home/node/openclaw/projects/clawd-brain/node_modules/next/dist/compiled/next-server/app-page.runtime.dev.js:35:11808)
    at /home/node/openclaw/projects/clawd-brain/node_modules/next/dist/compiled/next-server/app-page.runtime.dev.js:35:16871
    at aw (/home/node/openclaw/projects/clawd-brain/node_modules/next/dist/compiled/next-server/app-page.runtime.dev.js:35:16908) {
  digest: '1759587290'
}
TypeError: Cannot read properties of null (reading 'useContext')
    at t.useContext (/home/node/openclaw/projects/clawd-brain/node_modules/next/dist/compiled/next-server/app-page.runtime.prod.js:12:109421)
    at d (/home/node/openclaw/projects/clawd-brain/.next/server/chunks/440.js:1:25715)
    at h (/home/node/openclaw/projects/clawd-brain/.next/server/chunks/440.js:1:17653)
    at au (/home/node/openclaw/projects/clawd-brain/node_modules/next/dist/compiled/next-server/app-page.runtime.dev.js:35:10446)
    at /home/node/openclaw/projects/clawd-brain/node_modules/next/dist/compiled/next-server/app-page.runtime.dev.js:35:15122
    at aw (/home/node/openclaw/projects/clawd-brain/node_modules/next/dist/compiled/next-server/app-page.runtime.dev.js:35:16908)
    at a_ (/home/node/openclaw/projects/clawd-brain/node_modules/next/dist/compiled/next-server/app-page.runtime.dev.js:35:49776)
    at ab (/home/node/openclaw/projects/clawd-brain/node_modules/next/dist/compiled/next-server/app-page.runtime.dev.js:35:11808)
    at /home/node/openclaw/projects/clawd-brain/node_modules/next/dist/compiled/next-server/app-page.runtime.dev.js:35:16871
    at aw (/home/node/openclaw/projects/clawd-brain/node_modules/next/dist/compiled/next-server/app-page.runtime.dev.js:35:16908)

Error occurred prerendering page "/". Read more: https://nextjs.org/docs/messages/prerender-error

TypeError: Cannot read properties of null (reading 'useContext')
    at t.useContext (/home/node/openclaw/projects/clawd-brain/node_modules/next/dist/compiled/next-server/app-page.runtime.prod.js:12:109421)
    at d (/home/node/openclaw/projects/clawd-brain/.next/server/chunks/440.js:1:25715)
    at h (/home/node/openclaw/projects/clawd-brain/.next/server/chunks/440.js:1:17653)
    at au (/home/node/openclaw/projects/clawd-brain/node_modules/next/dist/compiled/next-server/app-page.runtime.dev.js:35:10446)
    at /home/node/openclaw/projects/clawd-brain/node_modules/next/dist/compiled/next-server/app-page.runtime.dev.js:35:15122
    at aw (/home/node/openclaw/projects/clawd-brain/node_modules/next/dist/compiled/next-server/app-page.runtime.dev.js:35:16908)
    at a_ (/home/node/openclaw/projects/clawd-brain/node_modules/next/dist/compiled/next-server/app-page.runtime.dev.js:35:49776)
    at ab (/home/node/openclaw/projects/clawd-brain/node_modules/next/dist/compiled/next-server/app-page.runtime.dev.js:35:11808)
    at /home/node/openclaw/projects/clawd-brain/node_modules/next/dist/compiled/next-server/app-page.runtime.dev.js:35:16871
    at aw (/home/node/openclaw/projects/clawd-brain/node_modules/next/dist/compiled/next-server/app-page.runtime.dev.js:35:16908)
   Generating static pages (7/10) 
TypeError: Cannot read properties of null (reading 'useContext')
    at t.useContext (/home/node/openclaw/projects/clawd-brain/node_modules/next/dist/compiled/next-server/app-page.runtime.prod.js:12:109421)
    at d (/home/node/openclaw/projects/clawd-brain/.next/server/chunks/440.js:1:25715)
    at h (/home/node/openclaw/projects/clawd-brain/.next/server/chunks/440.js:1:17653)
    at au (/home/node/openclaw/projects/clawd-brain/node_modules/next/dist/compiled/next-server/app-page.runtime.dev.js:35:10446)
    at /home/node/openclaw/projects/clawd-brain/node_modules/next/dist/compiled/next-server/app-page.runtime.dev.js:35:15122
    at aw (/home/node/openclaw/projects/clawd-brain/node_modules/next/dist/compiled/next-server/app-page.runtime.dev.js:35:16908)
    at a_ (/home/node/openclaw/projects/clawd-brain/node_modules/next/dist/compiled/next-server/app-page.runtime.dev.js:35:49776)
    at ab (/home/node/openclaw/projects/clawd-brain/node_modules/next/dist/compiled/next-server/app-page.runtime.dev.js:35:11808)
    at /home/node/openclaw/projects/clawd-brain/node_modules/next/dist/compiled/next-server/app-page.runtime.dev.js:35:16871
    at aw (/home/node/openclaw/projects/clawd-brain/node_modules/next/dist/compiled/next-server/app-page.runtime.dev.js:35:16908) {
  digest: '1759587290'
}
TypeError: Cannot read properties of null (reading 'useContext')
    at t.useContext (/home/node/openclaw/projects/clawd-brain/node_modules/next/dist/compiled/next-server/app-page.runtime.prod.js:12:109421)
    at d (/home/node/openclaw/projects/clawd-brain/.next/server/chunks/440.js:1:25715)
    at h (/home/node/openclaw/projects/clawd-brain/.next/server/chunks/440.js:1:17653)
    at au (/home/node/openclaw/projects/clawd-brain/node_modules/next/dist/compiled/next-server/app-page.runtime.dev.js:35:10446)
    at /home/node/openclaw/projects/clawd-brain/node_modules/next/dist/compiled/next-server/app-page.runtime.dev.js:35:15122
    at aw (/home/node/openclaw/projects/clawd-brain/node_modules/next/dist/compiled/next-server/app-page.runtime.dev.js:35:16908)
    at a_ (/home/node/openclaw/projects/clawd-brain/node_modules/next/dist/compiled/next-server/app-page.runtime.dev.js:35:49776)
    at ab (/home/node/openclaw/projects/clawd-brain/node_modules/next/dist/compiled/next-server/app-page.runtime.dev.js:35:11808)
    at /home/node/openclaw/projects/clawd-brain/node_modules/next/dist/compiled/next-server/app-page.runtime.dev.js:35:16871
    at aw (/home/node/openclaw/projects/clawd-brain/node_modules/next/dist/compiled/next-server/app-page.runtime.dev.js:35:16908)

Error occurred prerendering page "/search". Read more: https://nextjs.org/docs/messages/prerender-error

TypeError: Cannot read properties of null (reading 'useContext')
    at t.useContext (/home/node/openclaw/projects/clawd-brain/node_modules/next/dist/compiled/next-server/app-page.runtime.prod.js:12:109421)
    at d (/home/node/openclaw/projects/clawd-brain/.next/server/chunks/440.js:1:25715)
    at h (/home/node/openclaw/projects/clawd-brain/.next/server/chunks/440.js:1:17653)
    at au (/home/node/openclaw/projects/clawd-brain/node_modules/next/dist/compiled/next-server/app-page.runtime.dev.js:35:10446)
    at /home/node/openclaw/projects/clawd-brain/node_modules/next/dist/compiled/next-server/app-page.runtime.dev.js:35:15122
    at aw (/home/node/openclaw/projects/clawd-brain/node_modules/next/dist/compiled/next-server/app-page.runtime.dev.js:35:16908)
    at a_ (/home/node/openclaw/projects/clawd-brain/node_modules/next/dist/compiled/next-server/app-page.runtime.dev.js:35:49776)
    at ab (/home/node/openclaw/projects/clawd-brain/node_modules/next/dist/compiled/next-server/app-page.runtime.dev.js:35:11808)
    at /home/node/openclaw/projects/clawd-brain/node_modules/next/dist/compiled/next-server/app-page.runtime.dev.js:35:16871
    at aw (/home/node/openclaw/projects/clawd-brain/node_modules/next/dist/compiled/next-server/app-page.runtime.dev.js:35:16908)
TypeError: Cannot read properties of null (reading 'useContext')
    at t.useContext (/home/node/openclaw/projects/clawd-brain/node_modules/next/dist/compiled/next-server/app-page.runtime.prod.js:12:109421)
    at d (/home/node/openclaw/projects/clawd-brain/.next/server/chunks/440.js:1:25715)
    at h (/home/node/openclaw/projects/clawd-brain/.next/server/chunks/440.js:1:17653)
    at au (/home/node/openclaw/projects/clawd-brain/node_modules/next/dist/compiled/next-server/app-page.runtime.dev.js:35:10446)
    at /home/node/openclaw/projects/clawd-brain/node_modules/next/dist/compiled/next-server/app-page.runtime.dev.js:35:15122
    at aw (/home/node/openclaw/projects/clawd-brain/node_modules/next/dist/compiled/next-server/app-page.runtime.dev.js:35:16908)
    at a_ (/home/node/openclaw/projects/clawd-brain/node_modules/next/dist/compiled/next-server/app-page.runtime.dev.js:35:49776)
    at ab (/home/node/openclaw/projects/clawd-brain/node_modules/next/dist/compiled/next-server/app-page.runtime.dev.js:35:11808)
    at /home/node/openclaw/projects/clawd-brain/node_modules/next/dist/compiled/next-server/app-page.runtime.dev.js:35:16871
    at aw (/home/node/openclaw/projects/clawd-brain/node_modules/next/dist/compiled/next-server/app-page.runtime.dev.js:35:16908) {
  digest: '1759587290'
}
TypeError: Cannot read properties of null (reading 'useContext')
    at t.useContext (/home/node/openclaw/projects/clawd-brain/node_modules/next/dist/compiled/next-server/app-page.runtime.prod.js:12:109421)
    at d (/home/node/openclaw/projects/clawd-brain/.next/server/chunks/440.js:1:25715)
    at h (/home/node/openclaw/projects/clawd-brain/.next/server/chunks/440.js:1:17653)
    at au (/home/node/openclaw/projects/clawd-brain/node_modules/next/dist/compiled/next-server/app-page.runtime.dev.js:35:10446)
    at /home/node/openclaw/projects/clawd-brain/node_modules/next/dist/compiled/next-server/app-page.runtime.dev.js:35:15122
    at aw (/home/node/openclaw/projects/clawd-brain/node_modules/next/dist/compiled/next-server/app-page.runtime.dev.js:35:16908)
    at a_ (/home/node/openclaw/projects/clawd-brain/node_modules/next/dist/compiled/next-server/app-page.runtime.dev.js:35:49776)
    at ab (/home/node/openclaw/projects/clawd-brain/node_modules/next/dist/compiled/next-server/app-page.runtime.dev.js:35:11808)
    at /home/node/openclaw/projects/clawd-brain/node_modules/next/dist/compiled/next-server/app-page.runtime.dev.js:35:16871
    at aw (/home/node/openclaw/projects/clawd-brain/node_modules/next/dist/compiled/next-server/app-page.runtime.dev.js:35:16908)

Error occurred prerendering page "/tasks". Read more: https://nextjs.org/docs/messages/prerender-error

TypeError: Cannot read properties of null (reading 'useContext')
    at t.useContext (/home/node/openclaw/projects/clawd-brain/node_modules/next/dist/compiled/next-server/app-page.runtime.prod.js:12:109421)
    at d (/home/node/openclaw/projects/clawd-brain/.next/server/chunks/440.js:1:25715)
    at h (/home/node/openclaw/projects/clawd-brain/.next/server/chunks/440.js:1:17653)
    at au (/home/node/openclaw/projects/clawd-brain/node_modules/next/dist/compiled/next-server/app-page.runtime.dev.js:35:10446)
    at /home/node/openclaw/projects/clawd-brain/node_modules/next/dist/compiled/next-server/app-page.runtime.dev.js:35:15122
    at aw (/home/node/openclaw/projects/clawd-brain/node_modules/next/dist/compiled/next-server/app-page.runtime.dev.js:35:16908)
    at a_ (/home/node/openclaw/projects/clawd-brain/node_modules/next/dist/compiled/next-server/app-page.runtime.dev.js:35:49776)
    at ab (/home/node/openclaw/projects/clawd-brain/node_modules/next/dist/compiled/next-server/app-page.runtime.dev.js:35:11808)
    at /home/node/openclaw/projects/clawd-brain/node_modules/next/dist/compiled/next-server/app-page.runtime.dev.js:35:16871
    at aw (/home/node/openclaw/projects/clawd-brain/node_modules/next/dist/compiled/next-server/app-page.runtime.dev.js:35:16908)
TypeError: Cannot read properties of null (reading 'useContext')
    at t.useContext (/home/node/openclaw/projects/clawd-brain/node_modules/next/dist/compiled/next-server/app-page.runtime.prod.js:12:109421)
    at d (/home/node/openclaw/projects/clawd-brain/.next/server/chunks/440.js:1:25715)
    at h (/home/node/openclaw/projects/clawd-brain/.next/server/chunks/440.js:1:17653)
    at au (/home/node/openclaw/projects/clawd-brain/node_modules/next/dist/compiled/next-server/app-page.runtime.dev.js:35:10446)
    at /home/node/openclaw/projects/clawd-brain/node_modules/next/dist/compiled/next-server/app-page.runtime.dev.js:35:15122
    at aw (/home/node/openclaw/projects/clawd-brain/node_modules/next/dist/compiled/next-server/app-page.runtime.dev.js:35:16908)
    at a_ (/home/node/openclaw/projects/clawd-brain/node_modules/next/dist/compiled/next-server/app-page.runtime.dev.js:35:49776)
    at ab (/home/node/openclaw/projects/clawd-brain/node_modules/next/dist/compiled/next-server/app-page.runtime.dev.js:35:11808)
    at /home/node/openclaw/projects/clawd-brain/node_modules/next/dist/compiled/next-server/app-page.runtime.dev.js:35:16871
    at aw (/home/node/openclaw/projects/clawd-brain/node_modules/next/dist/compiled/next-server/app-page.runtime.dev.js:35:16908) {
  digest: '1759587290'
}
TypeError: Cannot read properties of null (reading 'useContext')
    at t.useContext (/home/node/openclaw/projects/clawd-brain/node_modules/next/dist/compiled/next-server/app-page.runtime.prod.js:12:109421)
    at d (/home/node/openclaw/projects/clawd-brain/.next/server/chunks/440.js:1:25715)
    at h (/home/node/openclaw/projects/clawd-brain/.next/server/chunks/440.js:1:17653)
    at au (/home/node/openclaw/projects/clawd-brain/node_modules/next/dist/compiled/next-server/app-page.runtime.dev.js:35:10446)
    at /home/node/openclaw/projects/clawd-brain/node_modules/next/dist/compiled/next-server/app-page.runtime.dev.js:35:15122
    at aw (/home/node/openclaw/projects/clawd-brain/node_modules/next/dist/compiled/next-server/app-page.runtime.dev.js:35:16908)
    at a_ (/home/node/openclaw/projects/clawd-brain/node_modules/next/dist/compiled/next-server/app-page.runtime.dev.js:35:49776)
    at ab (/home/node/openclaw/projects/clawd-brain/node_modules/next/dist/compiled/next-server/app-page.runtime.dev.js:35:11808)
    at /home/node/openclaw/projects/clawd-brain/node_modules/next/dist/compiled/next-server/app-page.runtime.dev.js:35:16871
    at aw (/home/node/openclaw/projects/clawd-brain/node_modules/next/dist/compiled/next-server/app-page.runtime.dev.js:35:16908)

Error occurred prerendering page "/timeline". Read more: https://nextjs.org/docs/messages/prerender-error

TypeError: Cannot read properties of null (reading 'useContext')
    at t.useContext (/home/node/openclaw/projects/clawd-brain/node_modules/next/dist/compiled/next-server/app-page.runtime.prod.js:12:109421)
    at d (/home/node/openclaw/projects/clawd-brain/.next/server/chunks/440.js:1:25715)
    at h (/home/node/openclaw/projects/clawd-brain/.next/server/chunks/440.js:1:17653)
    at au (/home/node/openclaw/projects/clawd-brain/node_modules/next/dist/compiled/next-server/app-page.runtime.dev.js:35:10446)
    at /home/node/openclaw/projects/clawd-brain/node_modules/next/dist/compiled/next-server/app-page.runtime.dev.js:35:15122
    at aw (/home/node/openclaw/projects/clawd-brain/node_modules/next/dist/compiled/next-server/app-page.runtime.dev.js:35:16908)
    at a_ (/home/node/openclaw/projects/clawd-brain/node_modules/next/dist/compiled/next-server/app-page.runtime.dev.js:35:49776)
    at ab (/home/node/openclaw/projects/clawd-brain/node_modules/next/dist/compiled/next-server/app-page.runtime.dev.js:35:11808)
    at /home/node/openclaw/projects/clawd-brain/node_modules/next/dist/compiled/next-server/app-page.runtime.dev.js:35:16871
    at aw (/home/node/openclaw/projects/clawd-brain/node_modules/next/dist/compiled/next-server/app-page.runtime.dev.js:35:16908)
 ✓ Generating static pages (10/10)

> Export encountered errors on following paths:
	/_error: /404
	/_error: /500
	/_not-found/page: /_not-found
	/documents/page: /documents
	/memories/page: /memories
	/page: /
	/search/page: /search
	/tasks/page: /tasks
	/timeline/page: /timeline
